<?xml version="1.0" encoding="UTF-8"?>
<robot generator="Rebot 7.3.2 (Python 3.12.6 on win32)" generated="2025-08-26T17:57:18.990668" rpa="false" schemaversion="5">
<suite id="s1" name="Ecommerce-Robot" source="C:\Users\markg\OneDrive\Desktop\ecommerce-robot">
<suite id="s1-s1" name="Tests" source="C:\Users\markg\OneDrive\Desktop\ecommerce-robot\tests">
<suite id="s1-s1-s1" name="Test1" source="C:\Users\markg\OneDrive\Desktop\ecommerce-robot\tests\test1.robot">
<test id="s1-s1-s1-t1" name="Validate Unsuccessful Login" line="7">
<kw name="Open the browser with the Mortgage payment url">
<kw name="Open Browser" owner="SeleniumLibrary">
<msg time="2025-08-26T17:54:35.753201" level="INFO">Opening browser 'firefox' to base url 'https://rahulshettyacademy.com/loginpagePractise/'.</msg>
<arg>${URL}</arg>
<doc>Opens a new browser instance to the optional ``url``.</doc>
<status status="PASS" start="2025-08-26T17:54:35.752187" elapsed="35.620274"/>
</kw>
<status status="PASS" start="2025-08-26T17:54:35.749672" elapsed="35.622789"/>
</kw>
<kw name="Fill the login form">
<kw name="Input Text" owner="SeleniumLibrary">
<msg time="2025-08-26T17:55:11.375462" level="INFO">Typing text 'rahulshettyacademy1' into text field 'id=username'.</msg>
<arg>id=username</arg>
<arg>rahulshettyacademy1</arg>
<doc>Types the given ``text`` into the text field identified by ``locator``.</doc>
<status status="PASS" start="2025-08-26T17:55:11.374458" elapsed="2.901225"/>
</kw>
<kw name="Input Text" owner="SeleniumLibrary">
<msg time="2025-08-26T17:55:14.277205" level="INFO">Typing text 'learning' into text field 'id=password'.</msg>
<arg>id=password</arg>
<arg>learning</arg>
<doc>Types the given ``text`` into the text field identified by ``locator``.</doc>
<status status="PASS" start="2025-08-26T17:55:14.277205" elapsed="2.766121"/>
</kw>
<kw name="Click Button" owner="SeleniumLibrary">
<msg time="2025-08-26T17:55:17.044315" level="INFO">Clicking button 'id=signInBtn'.</msg>
<arg>id=signInBtn</arg>
<doc>Clicks the button identified by ``locator``.</doc>
<status status="PASS" start="2025-08-26T17:55:17.043326" elapsed="1.334581"/>
</kw>
<status status="PASS" start="2025-08-26T17:55:11.373458" elapsed="7.004449"/>
</kw>
<kw name="Wait until it checks and display error message">
<kw name="Wait Until Element Is Visible" owner="SeleniumLibrary">
<arg>${Error_Message_Login}</arg>
<doc>Waits until the element ``locator`` is visible.</doc>
<status status="PASS" start="2025-08-26T17:55:18.377907" elapsed="1.761232"/>
</kw>
<status status="PASS" start="2025-08-26T17:55:18.377907" elapsed="1.761232"/>
</kw>
<kw name="Verify error message is correct">
<kw name="Element Text Should Be" owner="SeleniumLibrary">
<msg time="2025-08-26T17:55:20.140137" level="INFO">Verifying element 'css=.alert-danger' contains exact text 'Incorrect username/password.'.</msg>
<arg>${Error_Message_Login}</arg>
<arg>Incorrect username/password.</arg>
<doc>Verifies that element ``locator`` contains exact the text ``expected``.</doc>
<status status="PASS" start="2025-08-26T17:55:20.140137" elapsed="1.315265"/>
</kw>
<status status="PASS" start="2025-08-26T17:55:20.139139" elapsed="1.316263"/>
</kw>
<kw name="Close Browser" owner="SeleniumLibrary" type="TEARDOWN">
<doc>Closes the current browser.</doc>
<status status="PASS" start="2025-08-26T17:55:21.455402" elapsed="22.714365"/>
</kw>
<status status="PASS" start="2025-08-26T17:54:35.726656" elapsed="68.443111"/>
</test>
<doc>To validate Login form</doc>
<status status="PASS" start="2025-08-26T17:54:34.824000" elapsed="68.443000"/>
</suite>
<suite id="s1-s1-s2" name="Test2" source="C:\Users\markg\OneDrive\Desktop\ecommerce-robot\tests\test2.robot">
<test id="s1-s1-s2-t1" name="Validate Unsuccessful Login" line="10">
<kw name="Open the browser with the Mortgage payment url" owner="Generic" type="SETUP">
<kw name="Open Browser" owner="SeleniumLibrary">
<msg time="2025-08-26T17:54:35.812843" level="INFO">Opening browser 'firefox' to base url 'https://rahulshettyacademy.com/loginpagePractise/'.</msg>
<arg>${URL}</arg>
<doc>Opens a new browser instance to the optional ``url``.</doc>
<status status="PASS" start="2025-08-26T17:54:35.810838" elapsed="13.476835"/>
</kw>
<status status="PASS" start="2025-08-26T17:54:35.806842" elapsed="13.480831"/>
</kw>
<kw name="Fill the login form" owner="LandingPage">
<kw name="Input Text" owner="SeleniumLibrary">
<msg time="2025-08-26T17:54:49.291667" level="INFO">Typing text 'rahulshettyacademy' into text field 'id=username'.</msg>
<arg>id=username</arg>
<arg>${username}</arg>
<doc>Types the given ``text`` into the text field identified by ``locator``.</doc>
<status status="PASS" start="2025-08-26T17:54:49.290669" elapsed="0.640859"/>
</kw>
<kw name="Input Password" owner="SeleniumLibrary">
<msg time="2025-08-26T17:54:49.933529" level="INFO">Typing password into text field 'id=password'.</msg>
<msg time="2025-08-26T17:54:50.020878" level="INFO">Temporally setting log level to: NONE</msg>
<arg>id=password</arg>
<arg>${password}</arg>
<doc>Types the given password into the text field identified by ``locator``.</doc>
<status status="PASS" start="2025-08-26T17:54:49.932530" elapsed="0.171092"/>
</kw>
<kw name="Click Button" owner="SeleniumLibrary">
<msg time="2025-08-26T17:54:50.104615" level="INFO">Clicking button 'id=signInBtn'.</msg>
<arg>id=signInBtn</arg>
<doc>Clicks the button identified by ``locator``.</doc>
<status status="PASS" start="2025-08-26T17:54:50.103622" elapsed="1.195754"/>
</kw>
<arg>${User_Name}</arg>
<arg>${Invalid_Password}</arg>
<status status="PASS" start="2025-08-26T17:54:49.288671" elapsed="2.010705"/>
</kw>
<kw name="Wait until element is located in the page" owner="LandingPage">
<kw name="Wait Until Element Is Visible" owner="SeleniumLibrary">
<arg>${Error_Message_Login}</arg>
<doc>Waits until the element ``locator`` is visible.</doc>
<status status="PASS" start="2025-08-26T17:54:51.301888" elapsed="1.924535"/>
</kw>
<status status="PASS" start="2025-08-26T17:54:51.300739" elapsed="1.926686"/>
</kw>
<kw name="Verify error message is correct" owner="LandingPage">
<kw name="Element Text Should Be" owner="SeleniumLibrary">
<msg time="2025-08-26T17:54:53.228937" level="INFO">Verifying element 'css=.alert-danger' contains exact text 'Incorrect username/password.'.</msg>
<arg>${Error_Message_Login}</arg>
<arg>Incorrect username/password.</arg>
<doc>Verifies that element ``locator`` contains exact the text ``expected``.</doc>
<status status="PASS" start="2025-08-26T17:54:53.228937" elapsed="0.065127"/>
</kw>
<status status="PASS" start="2025-08-26T17:54:53.227425" elapsed="0.067764"/>
</kw>
<status status="PASS" start="2025-08-26T17:54:35.801842" elapsed="17.493347"/>
</test>
<test id="s1-s1-s2-t2" name="Validate Cards display in the Shopping Page" line="15">
<kw name="Open the browser with the Mortgage payment url" owner="Generic" type="SETUP">
<kw name="Open Browser" owner="SeleniumLibrary">
<msg time="2025-08-26T17:54:53.299186" level="INFO">Opening browser 'firefox' to base url 'https://rahulshettyacademy.com/loginpagePractise/'.</msg>
<arg>${URL}</arg>
<doc>Opens a new browser instance to the optional ``url``.</doc>
<status status="PASS" start="2025-08-26T17:54:53.298187" elapsed="9.539489"/>
</kw>
<status status="PASS" start="2025-08-26T17:54:53.297185" elapsed="9.541493"/>
</kw>
<kw name="Fill the login form" owner="Generic">
<kw name="Input Text" owner="SeleniumLibrary">
<msg time="2025-08-26T17:55:02.841675" level="INFO">Typing text 'rahulshettyacademy' into text field 'id=username'.</msg>
<arg>id=username</arg>
<arg>${username}</arg>
<doc>Types the given ``text`` into the text field identified by ``locator``.</doc>
<status status="PASS" start="2025-08-26T17:55:02.840680" elapsed="0.488605"/>
</kw>
<kw name="Input Password" owner="SeleniumLibrary">
<msg time="2025-08-26T17:55:03.330294" level="INFO">Typing password into text field 'id=password'.</msg>
<msg time="2025-08-26T17:55:03.432799" level="INFO">Temporally setting log level to: NONE</msg>
<arg>id=password</arg>
<arg>${password}</arg>
<doc>Types the given password into the text field identified by ``locator``.</doc>
<status status="PASS" start="2025-08-26T17:55:03.329285" elapsed="0.155300"/>
</kw>
<kw name="Click Button" owner="SeleniumLibrary">
<msg time="2025-08-26T17:55:03.484585" level="INFO">Clicking button 'id=signInBtn'.</msg>
<arg>id=signInBtn</arg>
<doc>Clicks the button identified by ``locator``.</doc>
<status status="PASS" start="2025-08-26T17:55:03.484585" elapsed="0.194524"/>
</kw>
<arg>${User_Name}</arg>
<arg>${Valid_Password}</arg>
<status status="PASS" start="2025-08-26T17:55:02.838678" elapsed="0.840431"/>
</kw>
<kw name="Wait until element is located in the page" owner="ShopPage">
<kw name="Wait Until Element Is Visible" owner="SeleniumLibrary">
<arg>${Shop_Page_Load}</arg>
<doc>Waits until the element ``locator`` is visible.</doc>
<status status="PASS" start="2025-08-26T17:55:03.681103" elapsed="2.990301"/>
</kw>
<status status="PASS" start="2025-08-26T17:55:03.680103" elapsed="2.991301"/>
</kw>
<kw name="Verify card titles in the shop page" owner="ShopPage">
<kw name="Create List" owner="BuiltIn">
<msg time="2025-08-26T17:55:06.672405" level="INFO">@{expectedList} = [ iphone X | Samsung Note 8 | Nokia Edge | Blackberry ]</msg>
<var>@{expectedList}</var>
<arg>iphone X</arg>
<arg>Samsung Note 8</arg>
<arg>Nokia Edge</arg>
<arg>Blackberry</arg>
<doc>Returns a list containing given items.</doc>
<status status="PASS" start="2025-08-26T17:55:06.672405" elapsed="0.001101"/>
</kw>
<kw name="Get WebElements" owner="SeleniumLibrary">
<msg time="2025-08-26T17:55:06.681461" level="INFO">${elements} = [&lt;selenium.webdriver.remote.webelement.WebElement (session="9564dfe1-34a8-4bf0-88e3-ab9f60f71dd6", element="fc828fd7-a7fa-472d-830d-d5b39e64ea9b")&gt;, &lt;selenium.webdriver.remote.webelement.WebElement (s...</msg>
<var>${elements}</var>
<arg>css=.card-title</arg>
<doc>Returns a list of WebElement objects matching the ``locator``.</doc>
<status status="PASS" start="2025-08-26T17:55:06.673506" elapsed="0.007955"/>
</kw>
<for flavor="IN">
<iter>
<kw name="Get Text" owner="SeleniumLibrary">
<msg time="2025-08-26T17:55:06.702498" level="INFO">${text} = iphone X</msg>
<var>${text}</var>
<arg>${element}</arg>
<doc>Returns the text value of the element identified by ``locator``.</doc>
<status status="PASS" start="2025-08-26T17:55:06.682404" elapsed="0.020094"/>
</kw>
<kw name="Log" owner="BuiltIn">
<msg time="2025-08-26T17:55:06.703511" level="INFO">iphone X</msg>
<arg>${text}</arg>
<doc>Logs the given message with the given level.</doc>
<status status="PASS" start="2025-08-26T17:55:06.702498" elapsed="0.001013"/>
</kw>
<kw name="Should Contain" owner="BuiltIn">
<arg>${expectedList}</arg>
<arg>${text}</arg>
<doc>Fails if ``container`` does not contain ``item`` one or more times.</doc>
<status status="PASS" start="2025-08-26T17:55:06.703511" elapsed="0.001004"/>
</kw>
<var name="${element}">&lt;selenium.webdriver.remote.webelement.WebElement (session="9564dfe1-34a8-4bf0-88e3-ab9f60f71dd6", element="fc828fd7-a7fa-472d-830d-d5b39e64ea9b")&gt;</var>
<status status="PASS" start="2025-08-26T17:55:06.682404" elapsed="0.022111"/>
</iter>
<iter>
<kw name="Get Text" owner="SeleniumLibrary">
<msg time="2025-08-26T17:55:06.720514" level="INFO">${text} = Samsung Note 8</msg>
<var>${text}</var>
<arg>${element}</arg>
<doc>Returns the text value of the element identified by ``locator``.</doc>
<status status="PASS" start="2025-08-26T17:55:06.705513" elapsed="0.015001"/>
</kw>
<kw name="Log" owner="BuiltIn">
<msg time="2025-08-26T17:55:06.722512" level="INFO">Samsung Note 8</msg>
<arg>${text}</arg>
<doc>Logs the given message with the given level.</doc>
<status status="PASS" start="2025-08-26T17:55:06.721514" elapsed="0.000998"/>
</kw>
<kw name="Should Contain" owner="BuiltIn">
<arg>${expectedList}</arg>
<arg>${text}</arg>
<doc>Fails if ``container`` does not contain ``item`` one or more times.</doc>
<status status="PASS" start="2025-08-26T17:55:06.722512" elapsed="0.001000"/>
</kw>
<var name="${element}">&lt;selenium.webdriver.remote.webelement.WebElement (session="9564dfe1-34a8-4bf0-88e3-ab9f60f71dd6", element="635abb61-2912-45cb-a70f-e9f95063eccf")&gt;</var>
<status status="PASS" start="2025-08-26T17:55:06.704515" elapsed="0.018997"/>
</iter>
<iter>
<kw name="Get Text" owner="SeleniumLibrary">
<msg time="2025-08-26T17:55:06.776199" level="INFO">${text} = Nokia Edge</msg>
<var>${text}</var>
<arg>${element}</arg>
<doc>Returns the text value of the element identified by ``locator``.</doc>
<status status="PASS" start="2025-08-26T17:55:06.724514" elapsed="0.051685"/>
</kw>
<kw name="Log" owner="BuiltIn">
<msg time="2025-08-26T17:55:06.776199" level="INFO">Nokia Edge</msg>
<arg>${text}</arg>
<doc>Logs the given message with the given level.</doc>
<status status="PASS" start="2025-08-26T17:55:06.776199" elapsed="0.000000"/>
</kw>
<kw name="Should Contain" owner="BuiltIn">
<arg>${expectedList}</arg>
<arg>${text}</arg>
<doc>Fails if ``container`` does not contain ``item`` one or more times.</doc>
<status status="PASS" start="2025-08-26T17:55:06.777200" elapsed="0.000000"/>
</kw>
<var name="${element}">&lt;selenium.webdriver.remote.webelement.WebElement (session="9564dfe1-34a8-4bf0-88e3-ab9f60f71dd6", element="0b5ef126-e446-4e11-a825-434530b74dce")&gt;</var>
<status status="PASS" start="2025-08-26T17:55:06.723512" elapsed="0.053688"/>
</iter>
<iter>
<kw name="Get Text" owner="SeleniumLibrary">
<msg time="2025-08-26T17:55:06.789730" level="INFO">${text} = Blackberry</msg>
<var>${text}</var>
<arg>${element}</arg>
<doc>Returns the text value of the element identified by ``locator``.</doc>
<status status="PASS" start="2025-08-26T17:55:06.777200" elapsed="0.012530"/>
</kw>
<kw name="Log" owner="BuiltIn">
<msg time="2025-08-26T17:55:06.790728" level="INFO">Blackberry</msg>
<arg>${text}</arg>
<doc>Logs the given message with the given level.</doc>
<status status="PASS" start="2025-08-26T17:55:06.790728" elapsed="0.000000"/>
</kw>
<kw name="Should Contain" owner="BuiltIn">
<arg>${expectedList}</arg>
<arg>${text}</arg>
<doc>Fails if ``container`` does not contain ``item`` one or more times.</doc>
<status status="PASS" start="2025-08-26T17:55:06.790728" elapsed="0.000999"/>
</kw>
<var name="${element}">&lt;selenium.webdriver.remote.webelement.WebElement (session="9564dfe1-34a8-4bf0-88e3-ab9f60f71dd6", element="8f2392bb-9b04-40f2-937f-2e93fdecb128")&gt;</var>
<status status="PASS" start="2025-08-26T17:55:06.777200" elapsed="0.014527"/>
</iter>
<var>${element}</var>
<value>@{elements}</value>
<status status="PASS" start="2025-08-26T17:55:06.681461" elapsed="0.110266"/>
</for>
<status status="PASS" start="2025-08-26T17:55:06.671404" elapsed="0.120323"/>
</kw>
<kw name="Add to cart" owner="ShopPage">
<kw name="Get WebElements" owner="SeleniumLibrary">
<msg time="2025-08-26T17:55:06.797730" level="INFO">${elements} = [&lt;selenium.webdriver.remote.webelement.WebElement (session="9564dfe1-34a8-4bf0-88e3-ab9f60f71dd6", element="fc828fd7-a7fa-472d-830d-d5b39e64ea9b")&gt;, &lt;selenium.webdriver.remote.webelement.WebElement (s...</msg>
<var>${elements}</var>
<arg>css=.card-title</arg>
<doc>Returns a list of WebElement objects matching the ``locator``.</doc>
<status status="PASS" start="2025-08-26T17:55:06.792727" elapsed="0.005003"/>
</kw>
<kw name="Set Variable" owner="BuiltIn">
<msg time="2025-08-26T17:55:06.798725" level="INFO">${index} = 1</msg>
<var>${index}</var>
<arg>1</arg>
<doc>Returns the given values which can then be assigned to a variables.</doc>
<status status="PASS" start="2025-08-26T17:55:06.798725" elapsed="0.000000"/>
</kw>
<for flavor="IN">
<iter>
<kw name="Exit For Loop If" owner="BuiltIn">
<arg>'${cardName}' == '${element.text}'</arg>
<doc>Stops executing the enclosing FOR loop if the ``condition`` is true.</doc>
<status status="PASS" start="2025-08-26T17:55:06.799725" elapsed="0.034542"/>
</kw>
<kw name="Evaluate" owner="BuiltIn">
<msg time="2025-08-26T17:55:06.835263" level="INFO">${index} = 2</msg>
<var>${index}</var>
<arg>${index} + 1</arg>
<doc>Evaluates the given expression in Python and returns the result.</doc>
<status status="PASS" start="2025-08-26T17:55:06.834267" elapsed="0.000996"/>
</kw>
<var name="${element}">&lt;selenium.webdriver.remote.webelement.WebElement (session="9564dfe1-34a8-4bf0-88e3-ab9f60f71dd6", element="fc828fd7-a7fa-472d-830d-d5b39e64ea9b")&gt;</var>
<status status="PASS" start="2025-08-26T17:55:06.799725" elapsed="0.035538"/>
</iter>
<iter>
<kw name="Exit For Loop If" owner="BuiltIn">
<arg>'${cardName}' == '${element.text}'</arg>
<doc>Stops executing the enclosing FOR loop if the ``condition`` is true.</doc>
<status status="PASS" start="2025-08-26T17:55:06.835263" elapsed="0.023011"/>
</kw>
<kw name="Evaluate" owner="BuiltIn">
<msg time="2025-08-26T17:55:06.859781" level="INFO">${index} = 3</msg>
<var>${index}</var>
<arg>${index} + 1</arg>
<doc>Evaluates the given expression in Python and returns the result.</doc>
<status status="PASS" start="2025-08-26T17:55:06.859273" elapsed="0.000508"/>
</kw>
<var name="${element}">&lt;selenium.webdriver.remote.webelement.WebElement (session="9564dfe1-34a8-4bf0-88e3-ab9f60f71dd6", element="635abb61-2912-45cb-a70f-e9f95063eccf")&gt;</var>
<status status="PASS" start="2025-08-26T17:55:06.835263" elapsed="0.024518"/>
</iter>
<iter>
<kw name="Exit For Loop If" owner="BuiltIn">
<msg time="2025-08-26T17:55:06.922114" level="INFO">Exiting for loop altogether.</msg>
<arg>'${cardName}' == '${element.text}'</arg>
<doc>Stops executing the enclosing FOR loop if the ``condition`` is true.</doc>
<status status="PASS" start="2025-08-26T17:55:06.860793" elapsed="0.061321"/>
</kw>
<kw name="Evaluate" owner="BuiltIn">
<var>${index}</var>
<arg>${index} + 1</arg>
<doc>Evaluates the given expression in Python and returns the result.</doc>
<status status="NOT RUN" start="2025-08-26T17:55:06.923115" elapsed="0.000000"/>
</kw>
<var name="${element}">&lt;selenium.webdriver.remote.webelement.WebElement (session="9564dfe1-34a8-4bf0-88e3-ab9f60f71dd6", element="0b5ef126-e446-4e11-a825-434530b74dce")&gt;</var>
<status status="PASS" start="2025-08-26T17:55:06.859781" elapsed="0.063334"/>
</iter>
<var>${element}</var>
<value>@{elements}</value>
<status status="PASS" start="2025-08-26T17:55:06.798725" elapsed="0.124390"/>
</for>
<kw name="Click Button" owner="SeleniumLibrary">
<msg time="2025-08-26T17:55:06.924119" level="INFO">Clicking button 'xpath:(//*[@class='card-footer'])[3]/button'.</msg>
<arg>xpath:(//*[@class='card-footer'])[${index}]/button</arg>
<doc>Clicks the button identified by ``locator``.</doc>
<status status="PASS" start="2025-08-26T17:55:06.923115" elapsed="0.151696"/>
</kw>
<arg>Nokia Edge</arg>
<status status="PASS" start="2025-08-26T17:55:06.792727" elapsed="0.283083"/>
</kw>
<status status="PASS" start="2025-08-26T17:54:53.296185" elapsed="13.779625"/>
</test>
<test id="s1-s1-s2-t3" name="Select the Form and navigate to Child Window" line="21">
<kw name="Open the browser with the Mortgage payment url" owner="Generic" type="SETUP">
<kw name="Open Browser" owner="SeleniumLibrary">
<msg time="2025-08-26T17:55:07.079808" level="INFO">Opening browser 'firefox' to base url 'https://rahulshettyacademy.com/loginpagePractise/'.</msg>
<arg>${URL}</arg>
<doc>Opens a new browser instance to the optional ``url``.</doc>
<status status="PASS" start="2025-08-26T17:55:07.078817" elapsed="28.039963"/>
</kw>
<status status="PASS" start="2025-08-26T17:55:07.077813" elapsed="28.040967"/>
</kw>
<kw name="Fill the login details and login form" owner="LandingPage">
<kw name="Input Text" owner="SeleniumLibrary">
<msg time="2025-08-26T17:55:35.121174" level="INFO">Typing text 'rahulshettyacademy' into text field 'id=username'.</msg>
<arg>id=username</arg>
<arg>rahulshettyacademy</arg>
<doc>Types the given ``text`` into the text field identified by ``locator``.</doc>
<status status="PASS" start="2025-08-26T17:55:35.118780" elapsed="0.310064"/>
</kw>
<kw name="Input Password" owner="SeleniumLibrary">
<msg time="2025-08-26T17:55:35.431454" level="INFO">Typing password into text field 'id=password'.</msg>
<msg time="2025-08-26T17:55:35.522644" level="INFO">Temporally setting log level to: NONE</msg>
<arg>id=password</arg>
<arg>learning</arg>
<doc>Types the given password into the text field identified by ``locator``.</doc>
<status status="PASS" start="2025-08-26T17:55:35.428844" elapsed="0.123459"/>
</kw>
<kw name="Click Element" owner="SeleniumLibrary">
<msg time="2025-08-26T17:55:35.552303" level="INFO">Clicking element 'css=input[value='user']'.</msg>
<arg>css=input[value='user']</arg>
<doc>Click the element identified by ``locator``.</doc>
<status status="PASS" start="2025-08-26T17:55:35.552303" elapsed="0.267977"/>
</kw>
<kw name="Wait Until Element Is Visible" owner="SeleniumLibrary">
<arg>css=.modal-body</arg>
<doc>Waits until the element ``locator`` is visible.</doc>
<status status="PASS" start="2025-08-26T17:55:35.820280" elapsed="0.152367"/>
</kw>
<kw name="Click Element" owner="SeleniumLibrary">
<msg time="2025-08-26T17:55:35.974664" level="INFO">Clicking element 'id=okayBtn'.</msg>
<arg>id=okayBtn</arg>
<doc>Click the element identified by ``locator``.</doc>
<status status="PASS" start="2025-08-26T17:55:35.972647" elapsed="0.137415"/>
</kw>
<kw name="Click Element" owner="SeleniumLibrary">
<msg time="2025-08-26T17:55:36.110062" level="INFO">Clicking element 'id=okayBtn'.</msg>
<arg>id=okayBtn</arg>
<doc>Click the element identified by ``locator``.</doc>
<status status="PASS" start="2025-08-26T17:55:36.110062" elapsed="0.155719"/>
</kw>
<kw name="Wait Until Element Is Not Visible" owner="SeleniumLibrary">
<arg>css=.modal-body</arg>
<doc>Waits until the element ``locator`` is not visible.</doc>
<status status="PASS" start="2025-08-26T17:55:36.265781" elapsed="0.219066"/>
</kw>
<kw name="Select From List By Value" owner="SeleniumLibrary">
<msg time="2025-08-26T17:55:36.486613" level="INFO">Selecting options from selection list 'css=select.form-control' by value teach.</msg>
<arg>css=select.form-control</arg>
<arg>teach</arg>
<doc>Selects options from selection list ``locator`` by ``values``.</doc>
<status status="PASS" start="2025-08-26T17:55:36.484847" elapsed="0.874834"/>
</kw>
<kw name="Select Checkbox" owner="SeleniumLibrary">
<msg time="2025-08-26T17:55:37.361538" level="INFO">Selecting checkbox 'id=terms'.</msg>
<arg>id=terms</arg>
<doc>Selects the checkbox identified by ``locator``.</doc>
<status status="PASS" start="2025-08-26T17:55:37.361538" elapsed="0.290045"/>
</kw>
<kw name="Checkbox Should Be Selected" owner="SeleniumLibrary">
<msg time="2025-08-26T17:55:37.660760" level="INFO">Verifying checkbox 'id=terms' is selected.</msg>
<arg>id=terms</arg>
<doc>Verifies checkbox ``locator`` is selected/checked.</doc>
<status status="PASS" start="2025-08-26T17:55:37.651583" elapsed="0.036763"/>
</kw>
<kw name="Click Button" owner="SeleniumLibrary">
<msg time="2025-08-26T17:55:37.688346" level="INFO">Clicking button 'id=signInBtn'.</msg>
<arg>id=signInBtn</arg>
<doc>Clicks the button identified by ``locator``.</doc>
<status status="PASS" start="2025-08-26T17:55:37.688346" elapsed="0.221183"/>
</kw>
<status status="PASS" start="2025-08-26T17:55:35.118780" elapsed="2.790749"/>
</kw>
<status status="PASS" start="2025-08-26T17:55:07.076811" elapsed="30.832718"/>
</test>
<doc>To validate Login form</doc>
<status status="PASS" start="2025-08-26T17:54:34.832660" elapsed="63.076869"/>
</suite>
<suite id="s1-s1-s3" name="Test3" source="C:\Users\markg\OneDrive\Desktop\ecommerce-robot\tests\test3.robot">
<test id="s1-s1-s3-t1" name="Validate Child Window Functionality" line="9">
<kw name="Open the browser with the Mortgage payment url" owner="Generic" type="SETUP">
<kw name="Open Browser" owner="SeleniumLibrary">
<msg time="2025-08-26T17:54:35.789297" level="INFO">Opening browser 'firefox' to base url 'https://rahulshettyacademy.com/loginpagePractise/'.</msg>
<arg>${URL}</arg>
<doc>Opens a new browser instance to the optional ``url``.</doc>
<status status="PASS" start="2025-08-26T17:54:35.788295" elapsed="21.632301"/>
</kw>
<status status="PASS" start="2025-08-26T17:54:35.785298" elapsed="21.636290"/>
</kw>
<kw name="Select the link of child window">
<kw name="Click Link" owner="SeleniumLibrary">
<msg time="2025-08-26T17:54:57.422587" level="INFO">Clicking link 'xpath=//a[contains(text(),'Free Access to InterviewQues/ResumeAssistance/Material')]'.</msg>
<arg>xpath=//a[contains(text(),'Free Access to InterviewQues/ResumeAssistance/Material')]</arg>
<doc>Clicks a link identified by ``locator``.</doc>
<status status="PASS" start="2025-08-26T17:54:57.421588" elapsed="5.321823"/>
</kw>
<status status="PASS" start="2025-08-26T17:54:57.421588" elapsed="5.321823"/>
</kw>
<kw name="Verify the user is switched to child window">
<kw name="Switch Window" owner="SeleniumLibrary">
<msg time="2025-08-26T17:55:10.043574" level="INFO" html="true">&lt;/td&gt;&lt;/tr&gt;&lt;tr&gt;&lt;td colspan="3"&gt;&lt;a href="20250826_175431-2-selenium-screenshot-1.png"&gt;&lt;img src="20250826_175431-2-selenium-screenshot-1.png" width="800px"&gt;&lt;/a&gt;</msg>
<msg time="2025-08-26T17:55:10.043574" level="FAIL">Window with last index is same as the current window.</msg>
<arg>NEW</arg>
<doc>Switches to browser window matching ``locator``.</doc>
<status status="FAIL" start="2025-08-26T17:55:02.745410" elapsed="7.321687">Window with last index is same as the current window.</status>
</kw>
<kw name="Wait Until Element Is Visible" owner="SeleniumLibrary">
<arg>css=h1</arg>
<doc>Waits until the element ``locator`` is visible.</doc>
<status status="NOT RUN" start="2025-08-26T17:55:10.067097" elapsed="0.000000"/>
</kw>
<kw name="Element Text Should Be" owner="SeleniumLibrary">
<arg>css=h1</arg>
<arg>DOCUMENTS REQUEST</arg>
<doc>Verifies that element ``locator`` contains exact the text ``expected``.</doc>
<status status="NOT RUN" start="2025-08-26T17:55:10.067097" elapsed="0.000000"/>
</kw>
<status status="FAIL" start="2025-08-26T17:55:02.744409" elapsed="7.322688">Window with last index is same as the current window.</status>
</kw>
<kw name="Grab the email id from the child window">
<status status="NOT RUN" start="2025-08-26T17:55:10.068097" elapsed="0.000000"/>
</kw>
<kw name="Switch back to parent window and enter the email in the form">
<status status="NOT RUN" start="2025-08-26T17:55:10.068097" elapsed="0.000508"/>
</kw>
<kw name="Close Browser" owner="SeleniumLibrary" type="TEARDOWN">
<doc>Closes the current browser.</doc>
<status status="PASS" start="2025-08-26T17:55:10.068605" elapsed="28.909575"/>
</kw>
<status status="FAIL" start="2025-08-26T17:54:35.782258" elapsed="63.195922">Window with last index is same as the current window.</status>
</test>
<doc>To validate Login form</doc>
<status status="FAIL" start="2025-08-26T17:54:34.868175" elapsed="64.110005"/>
</suite>
<suite id="s1-s1-s4" name="Test4" source="C:\Users\markg\OneDrive\Desktop\ecommerce-robot\tests\test4.robot">
<test id="s1-s1-s4-t1" name="Invalid username" line="12">
<kw name="Validate Unsuccessful Login">
<kw name="Open the browser with the Mortgage payment url">
<kw name="Open Browser" owner="SeleniumLibrary">
<msg time="2025-08-26T17:54:35.753201" level="INFO">Opening browser 'firefox' to base url 'https://rahulshettyacademy.com/loginpagePractise/'.</msg>
<arg>${URL}</arg>
<doc>Opens a new browser instance to the optional ``url``.</doc>
<status status="PASS" start="2025-08-26T17:54:35.752187" elapsed="39.077854"/>
</kw>
<status status="PASS" start="2025-08-26T17:54:35.750673" elapsed="39.080251"/>
</kw>
<kw name="Fill the login form">
<kw name="Input Text" owner="SeleniumLibrary">
<msg time="2025-08-26T17:55:14.831923" level="INFO">Typing text 'dsahed' into text field 'id=username'.</msg>
<arg>id=username</arg>
<arg>${username}</arg>
<doc>Types the given ``text`` into the text field identified by ``locator``.</doc>
<status status="PASS" start="2025-08-26T17:55:14.830924" elapsed="5.444611"/>
</kw>
<kw name="Input Password" owner="SeleniumLibrary">
<msg time="2025-08-26T17:55:20.275535" level="INFO">Typing password into text field 'id=password'.</msg>
<msg time="2025-08-26T17:55:20.865463" level="INFO">Temporally setting log level to: NONE</msg>
<arg>id=password</arg>
<arg>${password}</arg>
<doc>Types the given password into the text field identified by ``locator``.</doc>
<status status="PASS" start="2025-08-26T17:55:20.275535" elapsed="1.290219"/>
</kw>
<kw name="Click Button" owner="SeleniumLibrary">
<msg time="2025-08-26T17:55:21.566808" level="INFO">Clicking button 'id=signInBtn'.</msg>
<arg>id=signInBtn</arg>
<doc>Clicks the button identified by ``locator``.</doc>
<status status="PASS" start="2025-08-26T17:55:21.565754" elapsed="1.698539"/>
</kw>
<arg>${username}</arg>
<arg>${password}</arg>
<status status="PASS" start="2025-08-26T17:55:14.830924" elapsed="8.433369"/>
</kw>
<kw name="Wait until it checks and display error message">
<kw name="Wait Until Element Is Visible" owner="SeleniumLibrary">
<arg>${Error_Message_Login}</arg>
<doc>Waits until the element ``locator`` is visible.</doc>
<status status="PASS" start="2025-08-26T17:55:23.265391" elapsed="1.580113"/>
</kw>
<status status="PASS" start="2025-08-26T17:55:23.265391" elapsed="1.580113"/>
</kw>
<kw name="Verify error message is correct">
<kw name="Element Text Should Be" owner="SeleniumLibrary">
<msg time="2025-08-26T17:55:24.846477" level="INFO">Verifying element 'css=.alert-danger' contains exact text 'Incorrect username/password.'.</msg>
<arg>${Error_Message_Login}</arg>
<arg>Incorrect username/password.</arg>
<doc>Verifies that element ``locator`` contains exact the text ``expected``.</doc>
<status status="PASS" start="2025-08-26T17:55:24.845504" elapsed="0.219366"/>
</kw>
<status status="PASS" start="2025-08-26T17:55:24.845504" elapsed="0.219366"/>
</kw>
<arg>dsahed</arg>
<arg>learning</arg>
<status status="PASS" start="2025-08-26T17:54:35.749672" elapsed="49.315198"/>
</kw>
<kw name="Close Browser" owner="SeleniumLibrary" type="TEARDOWN">
<doc>Closes the current browser.</doc>
<status status="PASS" start="2025-08-26T17:55:25.064870" elapsed="18.038088"/>
</kw>
<status status="PASS" start="2025-08-26T17:54:35.726656" elapsed="67.376302"/>
</test>
<test id="s1-s1-s4-t2" name="Invalid password" line="13">
<kw name="Validate Unsuccessful Login">
<kw name="Open the browser with the Mortgage payment url">
<kw name="Open Browser" owner="SeleniumLibrary">
<msg time="2025-08-26T17:55:43.102958" level="INFO">Opening browser 'firefox' to base url 'https://rahulshettyacademy.com/loginpagePractise/'.</msg>
<arg>${URL}</arg>
<doc>Opens a new browser instance to the optional ``url``.</doc>
<status status="PASS" start="2025-08-26T17:55:43.102958" elapsed="17.372011"/>
</kw>
<status status="PASS" start="2025-08-26T17:55:43.102958" elapsed="17.372011"/>
</kw>
<kw name="Fill the login form">
<kw name="Input Text" owner="SeleniumLibrary">
<msg time="2025-08-26T17:56:00.479142" level="INFO">Typing text 'rahulshetty' into text field 'id=username'.</msg>
<arg>id=username</arg>
<arg>${username}</arg>
<doc>Types the given ``text`` into the text field identified by ``locator``.</doc>
<status status="PASS" start="2025-08-26T17:56:00.479142" elapsed="0.216463"/>
</kw>
<kw name="Input Password" owner="SeleniumLibrary">
<msg time="2025-08-26T17:56:00.698593" level="INFO">Typing password into text field 'id=password'.</msg>
<msg time="2025-08-26T17:56:00.817904" level="INFO">Temporally setting log level to: NONE</msg>
<arg>id=password</arg>
<arg>${password}</arg>
<doc>Types the given password into the text field identified by ``locator``.</doc>
<status status="PASS" start="2025-08-26T17:56:00.698593" elapsed="0.167498"/>
</kw>
<kw name="Click Button" owner="SeleniumLibrary">
<msg time="2025-08-26T17:56:00.866091" level="INFO">Clicking button 'id=signInBtn'.</msg>
<arg>id=signInBtn</arg>
<doc>Clicks the button identified by ``locator``.</doc>
<status status="PASS" start="2025-08-26T17:56:00.866091" elapsed="0.172021"/>
</kw>
<arg>${username}</arg>
<arg>${password}</arg>
<status status="PASS" start="2025-08-26T17:56:00.474969" elapsed="0.563143"/>
</kw>
<kw name="Wait until it checks and display error message">
<kw name="Wait Until Element Is Visible" owner="SeleniumLibrary">
<arg>${Error_Message_Login}</arg>
<doc>Waits until the element ``locator`` is visible.</doc>
<status status="PASS" start="2025-08-26T17:56:01.042596" elapsed="2.001017"/>
</kw>
<status status="PASS" start="2025-08-26T17:56:01.038112" elapsed="2.005501"/>
</kw>
<kw name="Verify error message is correct">
<kw name="Element Text Should Be" owner="SeleniumLibrary">
<msg time="2025-08-26T17:56:03.043613" level="INFO">Verifying element 'css=.alert-danger' contains exact text 'Incorrect username/password.'.</msg>
<arg>${Error_Message_Login}</arg>
<arg>Incorrect username/password.</arg>
<doc>Verifies that element ``locator`` contains exact the text ``expected``.</doc>
<status status="PASS" start="2025-08-26T17:56:03.043613" elapsed="0.017716"/>
</kw>
<status status="PASS" start="2025-08-26T17:56:03.043613" elapsed="0.017716"/>
</kw>
<arg>rahulshetty</arg>
<arg>ploudfg</arg>
<status status="PASS" start="2025-08-26T17:55:43.102958" elapsed="19.958371"/>
</kw>
<kw name="Close Browser" owner="SeleniumLibrary" type="TEARDOWN">
<doc>Closes the current browser.</doc>
<status status="PASS" start="2025-08-26T17:56:03.065441" elapsed="30.031030"/>
</kw>
<status status="PASS" start="2025-08-26T17:55:43.102958" elapsed="49.993513"/>
</test>
<test id="s1-s1-s4-t3" name="Special characters" line="14">
<kw name="Validate Unsuccessful Login">
<kw name="Open the browser with the Mortgage payment url">
<kw name="Open Browser" owner="SeleniumLibrary">
<msg time="2025-08-26T17:56:33.096471" level="INFO">Opening browser 'firefox' to base url 'https://rahulshettyacademy.com/loginpagePractise/'.</msg>
<arg>${URL}</arg>
<doc>Opens a new browser instance to the optional ``url``.</doc>
<status status="PASS" start="2025-08-26T17:56:33.096471" elapsed="9.071605"/>
</kw>
<status status="PASS" start="2025-08-26T17:56:33.096471" elapsed="9.071605"/>
</kw>
<kw name="Fill the login form">
<kw name="Input Text" owner="SeleniumLibrary">
<msg time="2025-08-26T17:56:42.172179" level="INFO">Typing text 'rahulshetty@#' into text field 'id=username'.</msg>
<arg>id=username</arg>
<arg>${username}</arg>
<doc>Types the given ``text`` into the text field identified by ``locator``.</doc>
<status status="PASS" start="2025-08-26T17:56:42.168076" elapsed="0.241210"/>
</kw>
<kw name="Input Password" owner="SeleniumLibrary">
<msg time="2025-08-26T17:56:42.409286" level="INFO">Typing password into text field 'id=password'.</msg>
<msg time="2025-08-26T17:56:42.516898" level="INFO">Temporally setting log level to: NONE</msg>
<arg>id=password</arg>
<arg>${password}</arg>
<doc>Types the given password into the text field identified by ``locator``.</doc>
<status status="PASS" start="2025-08-26T17:56:42.409286" elapsed="0.146620"/>
</kw>
<kw name="Click Button" owner="SeleniumLibrary">
<msg time="2025-08-26T17:56:42.555906" level="INFO">Clicking button 'id=signInBtn'.</msg>
<arg>id=signInBtn</arg>
<doc>Clicks the button identified by ``locator``.</doc>
<status status="PASS" start="2025-08-26T17:56:42.555906" elapsed="0.118058"/>
</kw>
<arg>${username}</arg>
<arg>${password}</arg>
<status status="PASS" start="2025-08-26T17:56:42.168076" elapsed="0.505888"/>
</kw>
<kw name="Wait until it checks and display error message">
<kw name="Wait Until Element Is Visible" owner="SeleniumLibrary">
<arg>${Error_Message_Login}</arg>
<doc>Waits until the element ``locator`` is visible.</doc>
<status status="PASS" start="2025-08-26T17:56:42.677694" elapsed="1.963850"/>
</kw>
<status status="PASS" start="2025-08-26T17:56:42.677694" elapsed="1.963850"/>
</kw>
<kw name="Verify error message is correct">
<kw name="Element Text Should Be" owner="SeleniumLibrary">
<msg time="2025-08-26T17:56:44.662629" level="INFO">Verifying element 'css=.alert-danger' contains exact text 'Incorrect username/password.'.</msg>
<arg>${Error_Message_Login}</arg>
<arg>Incorrect username/password.</arg>
<doc>Verifies that element ``locator`` contains exact the text ``expected``.</doc>
<status status="PASS" start="2025-08-26T17:56:44.662629" elapsed="0.016338"/>
</kw>
<status status="PASS" start="2025-08-26T17:56:44.641544" elapsed="0.037423"/>
</kw>
<arg>rahulshetty@#</arg>
<arg>learn$ing</arg>
<status status="PASS" start="2025-08-26T17:56:33.096471" elapsed="11.582496"/>
</kw>
<kw name="Close Browser" owner="SeleniumLibrary" type="TEARDOWN">
<doc>Closes the current browser.</doc>
<status status="PASS" start="2025-08-26T17:56:44.678967" elapsed="5.114108"/>
</kw>
<status status="PASS" start="2025-08-26T17:56:33.096471" elapsed="16.696604"/>
</test>
<doc>To validate Login form</doc>
<status status="PASS" start="2025-08-26T17:54:34.848501" elapsed="134.944574"/>
</suite>
<suite id="s1-s1-s5" name="Test5" source="C:\Users\markg\OneDrive\Desktop\ecommerce-robot\tests\test5.robot">
<test id="s1-s1-s5-t1" name="Invalid username" line="11">
<kw name="Open the browser with the Mortgage payment url" type="SETUP">
<kw name="Open Browser" owner="SeleniumLibrary">
<msg time="2025-08-26T17:54:35.920232" level="INFO">Opening browser 'firefox' to base url 'https://rahulshettyacademy.com/loginpagePractise/'.</msg>
<arg>${URL}</arg>
<doc>Opens a new browser instance to the optional ``url``.</doc>
<status status="PASS" start="2025-08-26T17:54:35.919228" elapsed="34.041825"/>
</kw>
<status status="PASS" start="2025-08-26T17:54:35.916230" elapsed="34.044823"/>
</kw>
<kw name="Validate Unsuccessful Login">
<kw name="Fill the login form" owner="Generic">
<kw name="Input Text" owner="SeleniumLibrary">
<msg time="2025-08-26T17:55:09.964053" level="INFO">Typing text 'dsahed' into text field 'id=username'.</msg>
<arg>id=username</arg>
<arg>${username}</arg>
<doc>Types the given ``text`` into the text field identified by ``locator``.</doc>
<status status="PASS" start="2025-08-26T17:55:09.963054" elapsed="3.949109"/>
</kw>
<kw name="Input Password" owner="SeleniumLibrary">
<msg time="2025-08-26T17:55:13.913162" level="INFO">Typing password into text field 'id=password'.</msg>
<msg time="2025-08-26T17:55:14.091853" level="INFO">Temporally setting log level to: NONE</msg>
<arg>id=password</arg>
<arg>${password}</arg>
<doc>Types the given password into the text field identified by ``locator``.</doc>
<status status="PASS" start="2025-08-26T17:55:13.913162" elapsed="1.039622"/>
</kw>
<kw name="Click Button" owner="SeleniumLibrary">
<msg time="2025-08-26T17:55:14.953784" level="INFO">Clicking button 'id=signInBtn'.</msg>
<arg>id=signInBtn</arg>
<doc>Clicks the button identified by ``locator``.</doc>
<status status="PASS" start="2025-08-26T17:55:14.953784" elapsed="1.638147"/>
</kw>
<arg>${username}</arg>
<arg>${password}</arg>
<status status="PASS" start="2025-08-26T17:55:09.962055" elapsed="6.629876"/>
</kw>
<kw name="Wait until it checks and display error message">
<kw name="Wait Until Element Is Visible" owner="SeleniumLibrary">
<arg>${Error_Message_Login}</arg>
<doc>Waits until the element ``locator`` is visible.</doc>
<status status="PASS" start="2025-08-26T17:55:16.593037" elapsed="1.325028"/>
</kw>
<status status="PASS" start="2025-08-26T17:55:16.593037" elapsed="1.326288"/>
</kw>
<kw name="Verify error message is correct">
<kw name="Element Text Should Be" owner="SeleniumLibrary">
<msg time="2025-08-26T17:55:17.920339" level="INFO">Verifying element 'css=.alert-danger' contains exact text 'Incorrect username/password.'.</msg>
<arg>${Error_Message_Login}</arg>
<arg>Incorrect username/password.</arg>
<doc>Verifies that element ``locator`` contains exact the text ``expected``.</doc>
<status status="PASS" start="2025-08-26T17:55:17.920339" elapsed="0.355054"/>
</kw>
<status status="PASS" start="2025-08-26T17:55:17.919325" elapsed="0.356068"/>
</kw>
<arg>username=dsahed</arg>
<arg>password=learning</arg>
<status status="PASS" start="2025-08-26T17:55:09.962055" elapsed="8.313338"/>
</kw>
<kw name="Close Browser" owner="SeleniumLibrary" type="TEARDOWN">
<doc>Closes the current browser.</doc>
<status status="PASS" start="2025-08-26T17:55:18.276400" elapsed="24.157220"/>
</kw>
<status status="PASS" start="2025-08-26T17:54:35.910689" elapsed="66.522931"/>
</test>
<test id="s1-s1-s5-t2" name="Invalid password" line="11">
<kw name="Open the browser with the Mortgage payment url" type="SETUP">
<kw name="Open Browser" owner="SeleniumLibrary">
<msg time="2025-08-26T17:55:42.441860" level="INFO">Opening browser 'firefox' to base url 'https://rahulshettyacademy.com/loginpagePractise/'.</msg>
<arg>${URL}</arg>
<doc>Opens a new browser instance to the optional ``url``.</doc>
<status status="PASS" start="2025-08-26T17:55:42.441860" elapsed="10.998522"/>
</kw>
<status status="PASS" start="2025-08-26T17:55:42.439842" elapsed="11.000540"/>
</kw>
<kw name="Validate Unsuccessful Login">
<kw name="Fill the login form" owner="Generic">
<kw name="Input Text" owner="SeleniumLibrary">
<msg time="2025-08-26T17:55:53.448502" level="INFO">Typing text 'rahulshetty' into text field 'id=username'.</msg>
<arg>id=username</arg>
<arg>${username}</arg>
<doc>Types the given ``text`` into the text field identified by ``locator``.</doc>
<status status="PASS" start="2025-08-26T17:55:53.446473" elapsed="0.664328"/>
</kw>
<kw name="Input Password" owner="SeleniumLibrary">
<msg time="2025-08-26T17:55:54.117331" level="INFO">Typing password into text field 'id=password'.</msg>
<msg time="2025-08-26T17:55:54.191631" level="INFO">Temporally setting log level to: NONE</msg>
<arg>id=password</arg>
<arg>${password}</arg>
<doc>Types the given password into the text field identified by ``locator``.</doc>
<status status="PASS" start="2025-08-26T17:55:54.115301" elapsed="0.144759"/>
</kw>
<kw name="Click Button" owner="SeleniumLibrary">
<msg time="2025-08-26T17:55:54.262077" level="INFO">Clicking button 'id=signInBtn'.</msg>
<arg>id=signInBtn</arg>
<doc>Clicks the button identified by ``locator``.</doc>
<status status="PASS" start="2025-08-26T17:55:54.260060" elapsed="0.192038"/>
</kw>
<arg>${username}</arg>
<arg>${password}</arg>
<status status="PASS" start="2025-08-26T17:55:53.444439" elapsed="1.007659"/>
</kw>
<kw name="Wait until it checks and display error message">
<kw name="Wait Until Element Is Visible" owner="SeleniumLibrary">
<arg>${Error_Message_Login}</arg>
<doc>Waits until the element ``locator`` is visible.</doc>
<status status="PASS" start="2025-08-26T17:55:54.455208" elapsed="2.067806"/>
</kw>
<status status="PASS" start="2025-08-26T17:55:54.453123" elapsed="2.069891"/>
</kw>
<kw name="Verify error message is correct">
<kw name="Element Text Should Be" owner="SeleniumLibrary">
<msg time="2025-08-26T17:55:56.527051" level="INFO">Verifying element 'css=.alert-danger' contains exact text 'Incorrect username/password.'.</msg>
<arg>${Error_Message_Login}</arg>
<arg>Incorrect username/password.</arg>
<doc>Verifies that element ``locator`` contains exact the text ``expected``.</doc>
<status status="PASS" start="2025-08-26T17:55:56.525034" elapsed="0.028871"/>
</kw>
<status status="PASS" start="2025-08-26T17:55:56.525034" elapsed="0.028871"/>
</kw>
<arg>username=rahulshetty</arg>
<arg>password=ploudfg</arg>
<status status="PASS" start="2025-08-26T17:55:53.442409" elapsed="3.111496"/>
</kw>
<kw name="Close Browser" owner="SeleniumLibrary" type="TEARDOWN">
<doc>Closes the current browser.</doc>
<status status="PASS" start="2025-08-26T17:55:56.553905" elapsed="34.092843"/>
</kw>
<status status="PASS" start="2025-08-26T17:55:42.433620" elapsed="48.213128"/>
</test>
<test id="s1-s1-s5-t3" name="Special characters" line="11">
<kw name="Open the browser with the Mortgage payment url" type="SETUP">
<kw name="Open Browser" owner="SeleniumLibrary">
<msg time="2025-08-26T17:56:30.648758" level="INFO">Opening browser 'firefox' to base url 'https://rahulshettyacademy.com/loginpagePractise/'.</msg>
<arg>${URL}</arg>
<doc>Opens a new browser instance to the optional ``url``.</doc>
<status status="PASS" start="2025-08-26T17:56:30.648758" elapsed="7.511715"/>
</kw>
<status status="PASS" start="2025-08-26T17:56:30.648758" elapsed="7.511715"/>
</kw>
<kw name="Validate Unsuccessful Login">
<kw name="Fill the login form" owner="Generic">
<kw name="Input Text" owner="SeleniumLibrary">
<msg time="2025-08-26T17:56:38.164284" level="INFO">Typing text 'rahulshetty@#' into text field 'id=username'.</msg>
<arg>id=username</arg>
<arg>${username}</arg>
<doc>Types the given ``text`` into the text field identified by ``locator``.</doc>
<status status="PASS" start="2025-08-26T17:56:38.164284" elapsed="0.317206"/>
</kw>
<kw name="Input Password" owner="SeleniumLibrary">
<msg time="2025-08-26T17:56:38.483514" level="INFO">Typing password into text field 'id=password'.</msg>
<msg time="2025-08-26T17:56:38.520605" level="INFO">Temporally setting log level to: NONE</msg>
<arg>id=password</arg>
<arg>${password}</arg>
<doc>Types the given password into the text field identified by ``locator``.</doc>
<status status="PASS" start="2025-08-26T17:56:38.481490" elapsed="0.080898"/>
</kw>
<kw name="Click Button" owner="SeleniumLibrary">
<msg time="2025-08-26T17:56:38.563656" level="INFO">Clicking button 'id=signInBtn'.</msg>
<arg>id=signInBtn</arg>
<doc>Clicks the button identified by ``locator``.</doc>
<status status="PASS" start="2025-08-26T17:56:38.562388" elapsed="0.102812"/>
</kw>
<arg>${username}</arg>
<arg>${password}</arg>
<status status="PASS" start="2025-08-26T17:56:38.162492" elapsed="0.502708"/>
</kw>
<kw name="Wait until it checks and display error message">
<kw name="Wait Until Element Is Visible" owner="SeleniumLibrary">
<arg>${Error_Message_Login}</arg>
<doc>Waits until the element ``locator`` is visible.</doc>
<status status="PASS" start="2025-08-26T17:56:38.665200" elapsed="2.013058"/>
</kw>
<status status="PASS" start="2025-08-26T17:56:38.665200" elapsed="2.013058"/>
</kw>
<kw name="Verify error message is correct">
<kw name="Element Text Should Be" owner="SeleniumLibrary">
<msg time="2025-08-26T17:56:40.680894" level="INFO">Verifying element 'css=.alert-danger' contains exact text 'Incorrect username/password.'.</msg>
<arg>${Error_Message_Login}</arg>
<arg>Incorrect username/password.</arg>
<doc>Verifies that element ``locator`` contains exact the text ``expected``.</doc>
<status status="PASS" start="2025-08-26T17:56:40.678258" elapsed="0.021334"/>
</kw>
<status status="PASS" start="2025-08-26T17:56:40.678258" elapsed="0.021334"/>
</kw>
<arg>username=rahulshetty@#</arg>
<arg>password=learn$ing</arg>
<status status="PASS" start="2025-08-26T17:56:38.160473" elapsed="2.539119"/>
</kw>
<kw name="Close Browser" owner="SeleniumLibrary" type="TEARDOWN">
<doc>Closes the current browser.</doc>
<status status="PASS" start="2025-08-26T17:56:40.699592" elapsed="6.967152"/>
</kw>
<status status="PASS" start="2025-08-26T17:56:30.646748" elapsed="17.019996"/>
</test>
<test id="s1-s1-s5-t4" name="Login with invalid username 123 and password learning" line="11">
<kw name="Open the browser with the Mortgage payment url" type="SETUP">
<kw name="Open Browser" owner="SeleniumLibrary">
<msg time="2025-08-26T17:56:47.672552" level="INFO">Opening browser 'firefox' to base url 'https://rahulshettyacademy.com/loginpagePractise/'.</msg>
<arg>${URL}</arg>
<doc>Opens a new browser instance to the optional ``url``.</doc>
<status status="PASS" start="2025-08-26T17:56:47.672552" elapsed="9.086621"/>
</kw>
<status status="PASS" start="2025-08-26T17:56:47.670950" elapsed="9.088223"/>
</kw>
<kw name="Validate Unsuccessful Login">
<kw name="Fill the login form" owner="Generic">
<kw name="Input Text" owner="SeleniumLibrary">
<msg time="2025-08-26T17:56:56.761183" level="INFO">Typing text '123' into text field 'id=username'.</msg>
<arg>id=username</arg>
<arg>${username}</arg>
<doc>Types the given ``text`` into the text field identified by ``locator``.</doc>
<status status="PASS" start="2025-08-26T17:56:56.761183" elapsed="0.124066"/>
</kw>
<kw name="Input Password" owner="SeleniumLibrary">
<msg time="2025-08-26T17:56:56.889355" level="INFO">Typing password into text field 'id=password'.</msg>
<msg time="2025-08-26T17:56:56.895834" level="INFO">Temporally setting log level to: NONE</msg>
<arg>id=password</arg>
<arg>${password}</arg>
<doc>Types the given password into the text field identified by ``locator``.</doc>
<status status="PASS" start="2025-08-26T17:56:56.885249" elapsed="0.066416"/>
</kw>
<kw name="Click Button" owner="SeleniumLibrary">
<msg time="2025-08-26T17:56:56.955933" level="INFO">Clicking button 'id=signInBtn'.</msg>
<arg>id=signInBtn</arg>
<doc>Clicks the button identified by ``locator``.</doc>
<status status="PASS" start="2025-08-26T17:56:56.951665" elapsed="0.121088"/>
</kw>
<arg>${username}</arg>
<arg>${password}</arg>
<status status="PASS" start="2025-08-26T17:56:56.761183" elapsed="0.311570"/>
</kw>
<kw name="Wait until it checks and display error message">
<kw name="Wait Until Element Is Visible" owner="SeleniumLibrary">
<arg>${Error_Message_Login}</arg>
<doc>Waits until the element ``locator`` is visible.</doc>
<status status="PASS" start="2025-08-26T17:56:57.072753" elapsed="1.983503"/>
</kw>
<status status="PASS" start="2025-08-26T17:56:57.072753" elapsed="1.983503"/>
</kw>
<kw name="Verify error message is correct">
<kw name="Element Text Should Be" owner="SeleniumLibrary">
<msg time="2025-08-26T17:56:59.056256" level="INFO">Verifying element 'css=.alert-danger' contains exact text 'Incorrect username/password.'.</msg>
<arg>${Error_Message_Login}</arg>
<arg>Incorrect username/password.</arg>
<doc>Verifies that element ``locator`` contains exact the text ``expected``.</doc>
<status status="PASS" start="2025-08-26T17:56:59.056256" elapsed="0.019346"/>
</kw>
<status status="PASS" start="2025-08-26T17:56:59.056256" elapsed="0.019346"/>
</kw>
<arg>username=123</arg>
<arg>password=learning</arg>
<status status="PASS" start="2025-08-26T17:56:56.759173" elapsed="2.316429"/>
</kw>
<kw name="Close Browser" owner="SeleniumLibrary" type="TEARDOWN">
<doc>Closes the current browser.</doc>
<status status="PASS" start="2025-08-26T17:56:59.075602" elapsed="3.314000"/>
</kw>
<status status="PASS" start="2025-08-26T17:56:47.667763" elapsed="14.721839"/>
</test>
<doc>To validate Login form</doc>
<status status="PASS" start="2025-08-26T17:54:34.908257" elapsed="147.481345"/>
</suite>
<suite id="s1-s1-s6" name="Test6" source="C:\Users\markg\OneDrive\Desktop\ecommerce-robot\tests\test6.robot">
<test id="s1-s1-s6-t1" name="Validate Cards display in the Shopping Page" line="18">
<kw name="Open the browser with the Mortgage payment url" owner="Generic" type="SETUP">
<kw name="Open Browser" owner="SeleniumLibrary">
<msg time="2025-08-26T17:54:35.837955" level="INFO">Opening browser 'firefox' to base url 'https://rahulshettyacademy.com/loginpagePractise/'.</msg>
<arg>${URL}</arg>
<doc>Opens a new browser instance to the optional ``url``.</doc>
<status status="PASS" start="2025-08-26T17:54:35.836959" elapsed="72.666902"/>
</kw>
<status status="PASS" start="2025-08-26T17:54:35.831949" elapsed="72.671912"/>
</kw>
<kw name="Fill the login form" owner="LandingPage">
<kw name="Input Text" owner="SeleniumLibrary">
<msg time="2025-08-26T17:55:48.505906" level="INFO">Typing text 'rahulshettyacademy' into text field 'id=username'.</msg>
<arg>id=username</arg>
<arg>${username}</arg>
<doc>Types the given ``text`` into the text field identified by ``locator``.</doc>
<status status="PASS" start="2025-08-26T17:55:48.505906" elapsed="1.739274"/>
</kw>
<kw name="Input Password" owner="SeleniumLibrary">
<msg time="2025-08-26T17:55:50.246195" level="INFO">Typing password into text field 'id=password'.</msg>
<msg time="2025-08-26T17:55:50.490608" level="INFO">Temporally setting log level to: NONE</msg>
<arg>id=password</arg>
<arg>${password}</arg>
<doc>Types the given password into the text field identified by ``locator``.</doc>
<status status="PASS" start="2025-08-26T17:55:50.246195" elapsed="0.367144"/>
</kw>
<kw name="Click Button" owner="SeleniumLibrary">
<msg time="2025-08-26T17:55:50.615361" level="INFO">Clicking button 'id=signInBtn'.</msg>
<arg>id=signInBtn</arg>
<doc>Clicks the button identified by ``locator``.</doc>
<status status="PASS" start="2025-08-26T17:55:50.613339" elapsed="0.444400"/>
</kw>
<arg>${User_Name}</arg>
<arg>${Valid_Password}</arg>
<status status="PASS" start="2025-08-26T17:55:48.503861" elapsed="2.553878"/>
</kw>
<kw name="Wait until element is located in the page" owner="ShopPage">
<kw name="Wait Until Element Is Visible" owner="SeleniumLibrary">
<msg time="2025-08-26T17:55:59.232056" level="INFO" html="true">&lt;/td&gt;&lt;/tr&gt;&lt;tr&gt;&lt;td colspan="3"&gt;&lt;a href="20250826_175431-5-selenium-screenshot-1.png"&gt;&lt;img src="20250826_175431-5-selenium-screenshot-1.png" width="800px"&gt;&lt;/a&gt;</msg>
<msg time="2025-08-26T17:55:59.232056" level="FAIL">Element 'css=.nav-link' not visible after 5 seconds.</msg>
<arg>${Shop_Page_Load}</arg>
<doc>Waits until the element ``locator`` is visible.</doc>
<status status="FAIL" start="2025-08-26T17:55:51.059764" elapsed="8.184872">Element 'css=.nav-link' not visible after 5 seconds.</status>
</kw>
<status status="FAIL" start="2025-08-26T17:55:51.057739" elapsed="8.188929">Element 'css=.nav-link' not visible after 5 seconds.</status>
</kw>
<kw name="Verify card titles in the shop page" owner="ShopPage">
<status status="NOT RUN" start="2025-08-26T17:55:59.248700" elapsed="0.002027"/>
</kw>
<kw name="Add Items To Cart And Checkout" owner="Shop">
<arg>${listofProducts}</arg>
<status status="NOT RUN" start="2025-08-26T17:55:59.258835" elapsed="0.002028"/>
</kw>
<kw name="Verify items in the Checkout Page and proceed" owner="CheckoutPage">
<status status="NOT RUN" start="2025-08-26T17:55:59.264472" elapsed="0.000000"/>
</kw>
<kw name="Enter the Country and select terms" owner="Confirmation Page">
<arg>${country_name}</arg>
<status status="NOT RUN" start="2025-08-26T17:55:59.264472" elapsed="0.002024"/>
</kw>
<kw name="Purchase the Product and Confirm the Purchase" owner="Confirmation Page">
<status status="NOT RUN" start="2025-08-26T17:55:59.266496" elapsed="0.002023"/>
</kw>
<kw name="Close Browser" owner="SeleniumLibrary" type="TEARDOWN">
<doc>Closes the current browser.</doc>
<status status="PASS" start="2025-08-26T17:55:59.270546" elapsed="33.921686"/>
</kw>
<status status="FAIL" start="2025-08-26T17:54:35.827944" elapsed="117.364288">Element 'css=.nav-link' not visible after 5 seconds.</status>
</test>
<doc>To validate Login form</doc>
<status status="FAIL" start="2025-08-26T17:54:34.879151" elapsed="118.313081"/>
</suite>
<status status="FAIL" start="2025-08-26T17:54:34.817000" elapsed="147.572000"/>
</suite>
<doc>[https://pabot.org/?ref=log|Pabot] result from 6 executions.</doc>
<status status="FAIL" start="2025-08-26T17:54:34.761000" elapsed="147.628000"/>
</suite>
<statistics>
<total>
<stat pass="11" fail="2" skip="0">All Tests</stat>
</total>
<tag>
</tag>
<suite>
<stat name="Ecommerce-Robot" id="s1" pass="11" fail="2" skip="0">Ecommerce-Robot</stat>
<stat name="Tests" id="s1-s1" pass="11" fail="2" skip="0">Ecommerce-Robot.Tests</stat>
<stat name="Test1" id="s1-s1-s1" pass="1" fail="0" skip="0">Ecommerce-Robot.Tests.Test1</stat>
<stat name="Test2" id="s1-s1-s2" pass="3" fail="0" skip="0">Ecommerce-Robot.Tests.Test2</stat>
<stat name="Test3" id="s1-s1-s3" pass="0" fail="1" skip="0">Ecommerce-Robot.Tests.Test3</stat>
<stat name="Test4" id="s1-s1-s4" pass="3" fail="0" skip="0">Ecommerce-Robot.Tests.Test4</stat>
<stat name="Test5" id="s1-s1-s5" pass="4" fail="0" skip="0">Ecommerce-Robot.Tests.Test5</stat>
<stat name="Test6" id="s1-s1-s6" pass="0" fail="1" skip="0">Ecommerce-Robot.Tests.Test6</stat>
</suite>
</statistics>
<errors>
</errors>
</robot>
