<?xml version="1.0" encoding="UTF-8"?>
<robot generator="Robot 7.3.2 (Python 3.12.6 on win32)" generated="2025-08-26T17:54:34.699329" rpa="false" schemaversion="5">
<suite id="s1" name="Ecommerce-Robot" source="C:\Users\markg\OneDrive\Desktop\ecommerce-robot">
<suite id="s1-s1" name="Tests" source="C:\Users\markg\OneDrive\Desktop\ecommerce-robot\tests">
<suite id="s1-s1-s1" name="Test3" source="C:\Users\markg\OneDrive\Desktop\ecommerce-robot\tests\test3.robot">
<test id="s1-s1-s1-t1" name="Validate Child Window Functionality" line="9">
<kw name="Open the browser with the Mortgage payment url" owner="Generic" type="SETUP">
<kw name="Open Browser" owner="SeleniumLibrary">
<msg time="2025-08-26T17:54:35.789297" level="INFO">Opening browser 'firefox' to base url 'https://rahulshettyacademy.com/loginpagePractise/'.</msg>
<arg>${URL}</arg>
<doc>Opens a new browser instance to the optional ``url``.</doc>
<status status="PASS" start="2025-08-26T17:54:35.788295" elapsed="21.632301"/>
</kw>
<status status="PASS" start="2025-08-26T17:54:35.785298" elapsed="21.636290"/>
</kw>
<kw name="Select the link of child window">
<kw name="Click Link" owner="SeleniumLibrary">
<msg time="2025-08-26T17:54:57.422587" level="INFO">Clicking link 'xpath=//a[contains(text(),'Free Access to InterviewQues/ResumeAssistance/Material')]'.</msg>
<arg>xpath=//a[contains(text(),'Free Access to InterviewQues/ResumeAssistance/Material')]</arg>
<doc>Clicks a link identified by ``locator``.</doc>
<status status="PASS" start="2025-08-26T17:54:57.421588" elapsed="5.321823"/>
</kw>
<status status="PASS" start="2025-08-26T17:54:57.421588" elapsed="5.321823"/>
</kw>
<kw name="Verify the user is switched to child window">
<kw name="Switch Window" owner="SeleniumLibrary">
<msg time="2025-08-26T17:55:10.043574" level="INFO" html="true">&lt;/td&gt;&lt;/tr&gt;&lt;tr&gt;&lt;td colspan="3"&gt;&lt;a href="selenium-screenshot-1.png"&gt;&lt;img src="selenium-screenshot-1.png" width="800px"&gt;&lt;/a&gt;</msg>
<msg time="2025-08-26T17:55:10.043574" level="FAIL">Window with last index is same as the current window.</msg>
<arg>NEW</arg>
<doc>Switches to browser window matching ``locator``.</doc>
<status status="FAIL" start="2025-08-26T17:55:02.745410" elapsed="7.321687">Window with last index is same as the current window.</status>
</kw>
<kw name="Wait Until Element Is Visible" owner="SeleniumLibrary">
<arg>css=h1</arg>
<doc>Waits until the element ``locator`` is visible.</doc>
<status status="NOT RUN" start="2025-08-26T17:55:10.067097" elapsed="0.000000"/>
</kw>
<kw name="Element Text Should Be" owner="SeleniumLibrary">
<arg>css=h1</arg>
<arg>DOCUMENTS REQUEST</arg>
<doc>Verifies that element ``locator`` contains exact the text ``expected``.</doc>
<status status="NOT RUN" start="2025-08-26T17:55:10.067097" elapsed="0.000000"/>
</kw>
<status status="FAIL" start="2025-08-26T17:55:02.744409" elapsed="7.322688">Window with last index is same as the current window.</status>
</kw>
<kw name="Grab the email id from the child window">
<status status="NOT RUN" start="2025-08-26T17:55:10.068097" elapsed="0.000000"/>
</kw>
<kw name="Switch back to parent window and enter the email in the form">
<status status="NOT RUN" start="2025-08-26T17:55:10.068097" elapsed="0.000508"/>
</kw>
<kw name="Close Browser" owner="SeleniumLibrary" type="TEARDOWN">
<doc>Closes the current browser.</doc>
<status status="PASS" start="2025-08-26T17:55:10.068605" elapsed="28.909575"/>
</kw>
<status status="FAIL" start="2025-08-26T17:54:35.782258" elapsed="63.195922">Window with last index is same as the current window.</status>
</test>
<doc>To validate Login form</doc>
<status status="FAIL" start="2025-08-26T17:54:34.868175" elapsed="64.110005"/>
</suite>
<status status="FAIL" start="2025-08-26T17:54:34.861193" elapsed="64.116987"/>
</suite>
<status status="FAIL" start="2025-08-26T17:54:34.804979" elapsed="64.173201"/>
</suite>
<statistics>
<total>
<stat pass="0" fail="1" skip="0">All Tests</stat>
</total>
<tag>
</tag>
<suite>
<stat name="Ecommerce-Robot" id="s1" pass="0" fail="1" skip="0">Ecommerce-Robot</stat>
<stat name="Tests" id="s1-s1" pass="0" fail="1" skip="0">Ecommerce-Robot.Tests</stat>
<stat name="Test3" id="s1-s1-s1" pass="0" fail="1" skip="0">Ecommerce-Robot.Tests.Test3</stat>
</suite>
</statistics>
<errors>
</errors>
</robot>
