<?xml version="1.0" encoding="UTF-8"?>
<robot generator="Robot 7.3.2 (Python 3.12.6 on win32)" generated="2025-08-26T17:54:34.660664" rpa="false" schemaversion="5">
<suite id="s1" name="Ecommerce-Robot" source="C:\Users\markg\OneDrive\Desktop\ecommerce-robot">
<suite id="s1-s1" name="Tests" source="C:\Users\markg\OneDrive\Desktop\ecommerce-robot\tests">
<suite id="s1-s1-s1" name="Test1" source="C:\Users\markg\OneDrive\Desktop\ecommerce-robot\tests\test1.robot">
<test id="s1-s1-s1-t1" name="Validate Unsuccessful Login" line="7">
<kw name="Open the browser with the Mortgage payment url">
<kw name="Open Browser" owner="SeleniumLibrary">
<msg time="2025-08-26T17:54:35.753201" level="INFO">Opening browser 'firefox' to base url 'https://rahulshettyacademy.com/loginpagePractise/'.</msg>
<arg>${URL}</arg>
<doc>Opens a new browser instance to the optional ``url``.</doc>
<status status="PASS" start="2025-08-26T17:54:35.752187" elapsed="35.620274"/>
</kw>
<status status="PASS" start="2025-08-26T17:54:35.749672" elapsed="35.622789"/>
</kw>
<kw name="Fill the login form">
<kw name="Input Text" owner="SeleniumLibrary">
<msg time="2025-08-26T17:55:11.375462" level="INFO">Typing text 'rahulshettyacademy1' into text field 'id=username'.</msg>
<arg>id=username</arg>
<arg>rahulshettyacademy1</arg>
<doc>Types the given ``text`` into the text field identified by ``locator``.</doc>
<status status="PASS" start="2025-08-26T17:55:11.374458" elapsed="2.901225"/>
</kw>
<kw name="Input Text" owner="SeleniumLibrary">
<msg time="2025-08-26T17:55:14.277205" level="INFO">Typing text 'learning' into text field 'id=password'.</msg>
<arg>id=password</arg>
<arg>learning</arg>
<doc>Types the given ``text`` into the text field identified by ``locator``.</doc>
<status status="PASS" start="2025-08-26T17:55:14.277205" elapsed="2.766121"/>
</kw>
<kw name="Click Button" owner="SeleniumLibrary">
<msg time="2025-08-26T17:55:17.044315" level="INFO">Clicking button 'id=signInBtn'.</msg>
<arg>id=signInBtn</arg>
<doc>Clicks the button identified by ``locator``.</doc>
<status status="PASS" start="2025-08-26T17:55:17.043326" elapsed="1.334581"/>
</kw>
<status status="PASS" start="2025-08-26T17:55:11.373458" elapsed="7.004449"/>
</kw>
<kw name="Wait until it checks and display error message">
<kw name="Wait Until Element Is Visible" owner="SeleniumLibrary">
<arg>${Error_Message_Login}</arg>
<doc>Waits until the element ``locator`` is visible.</doc>
<status status="PASS" start="2025-08-26T17:55:18.377907" elapsed="1.761232"/>
</kw>
<status status="PASS" start="2025-08-26T17:55:18.377907" elapsed="1.761232"/>
</kw>
<kw name="Verify error message is correct">
<kw name="Element Text Should Be" owner="SeleniumLibrary">
<msg time="2025-08-26T17:55:20.140137" level="INFO">Verifying element 'css=.alert-danger' contains exact text 'Incorrect username/password.'.</msg>
<arg>${Error_Message_Login}</arg>
<arg>Incorrect username/password.</arg>
<doc>Verifies that element ``locator`` contains exact the text ``expected``.</doc>
<status status="PASS" start="2025-08-26T17:55:20.140137" elapsed="1.315265"/>
</kw>
<status status="PASS" start="2025-08-26T17:55:20.139139" elapsed="1.316263"/>
</kw>
<kw name="Close Browser" owner="SeleniumLibrary" type="TEARDOWN">
<doc>Closes the current browser.</doc>
<status status="PASS" start="2025-08-26T17:55:21.455402" elapsed="22.714365"/>
</kw>
<status status="PASS" start="2025-08-26T17:54:35.726656" elapsed="68.443111"/>
</test>
<doc>To validate Login form</doc>
<status status="PASS" start="2025-08-26T17:54:34.824642" elapsed="69.346758"/>
</suite>
<status status="PASS" start="2025-08-26T17:54:34.817555" elapsed="69.353845"/>
</suite>
<status status="PASS" start="2025-08-26T17:54:34.761446" elapsed="69.409954"/>
</suite>
<statistics>
<total>
<stat pass="1" fail="0" skip="0">All Tests</stat>
</total>
<tag>
</tag>
<suite>
<stat name="Ecommerce-Robot" id="s1" pass="1" fail="0" skip="0">Ecommerce-Robot</stat>
<stat name="Tests" id="s1-s1" pass="1" fail="0" skip="0">Ecommerce-Robot.Tests</stat>
<stat name="Test1" id="s1-s1-s1" pass="1" fail="0" skip="0">Ecommerce-Robot.Tests.Test1</stat>
</suite>
</statistics>
<errors>
</errors>
</robot>
