<?xml version="1.0" encoding="UTF-8"?>
<robot generator="Robot 7.3.2 (Python 3.12.6 on win32)" generated="2025-08-26T17:54:34.683802" rpa="false" schemaversion="5">
<suite id="s1" name="Ecommerce-Robot" source="C:\Users\markg\OneDrive\Desktop\ecommerce-robot">
<suite id="s1-s1" name="Tests" source="C:\Users\markg\OneDrive\Desktop\ecommerce-robot\tests">
<suite id="s1-s1-s1" name="Test4" source="C:\Users\markg\OneDrive\Desktop\ecommerce-robot\tests\test4.robot">
<test id="s1-s1-s1-t1" name="Invalid username" line="12">
<kw name="Validate Unsuccessful Login">
<kw name="Open the browser with the Mortgage payment url">
<kw name="Open Browser" owner="SeleniumLibrary">
<msg time="2025-08-26T17:54:35.753201" level="INFO">Opening browser 'firefox' to base url 'https://rahulshettyacademy.com/loginpagePractise/'.</msg>
<arg>${URL}</arg>
<doc>Opens a new browser instance to the optional ``url``.</doc>
<status status="PASS" start="2025-08-26T17:54:35.752187" elapsed="39.077854"/>
</kw>
<status status="PASS" start="2025-08-26T17:54:35.750673" elapsed="39.080251"/>
</kw>
<kw name="Fill the login form">
<kw name="Input Text" owner="SeleniumLibrary">
<msg time="2025-08-26T17:55:14.831923" level="INFO">Typing text 'dsahed' into text field 'id=username'.</msg>
<arg>id=username</arg>
<arg>${username}</arg>
<doc>Types the given ``text`` into the text field identified by ``locator``.</doc>
<status status="PASS" start="2025-08-26T17:55:14.830924" elapsed="5.444611"/>
</kw>
<kw name="Input Password" owner="SeleniumLibrary">
<msg time="2025-08-26T17:55:20.275535" level="INFO">Typing password into text field 'id=password'.</msg>
<msg time="2025-08-26T17:55:20.865463" level="INFO">Temporally setting log level to: NONE</msg>
<arg>id=password</arg>
<arg>${password}</arg>
<doc>Types the given password into the text field identified by ``locator``.</doc>
<status status="PASS" start="2025-08-26T17:55:20.275535" elapsed="1.290219"/>
</kw>
<kw name="Click Button" owner="SeleniumLibrary">
<msg time="2025-08-26T17:55:21.566808" level="INFO">Clicking button 'id=signInBtn'.</msg>
<arg>id=signInBtn</arg>
<doc>Clicks the button identified by ``locator``.</doc>
<status status="PASS" start="2025-08-26T17:55:21.565754" elapsed="1.698539"/>
</kw>
<arg>${username}</arg>
<arg>${password}</arg>
<status status="PASS" start="2025-08-26T17:55:14.830924" elapsed="8.433369"/>
</kw>
<kw name="Wait until it checks and display error message">
<kw name="Wait Until Element Is Visible" owner="SeleniumLibrary">
<arg>${Error_Message_Login}</arg>
<doc>Waits until the element ``locator`` is visible.</doc>
<status status="PASS" start="2025-08-26T17:55:23.265391" elapsed="1.580113"/>
</kw>
<status status="PASS" start="2025-08-26T17:55:23.265391" elapsed="1.580113"/>
</kw>
<kw name="Verify error message is correct">
<kw name="Element Text Should Be" owner="SeleniumLibrary">
<msg time="2025-08-26T17:55:24.846477" level="INFO">Verifying element 'css=.alert-danger' contains exact text 'Incorrect username/password.'.</msg>
<arg>${Error_Message_Login}</arg>
<arg>Incorrect username/password.</arg>
<doc>Verifies that element ``locator`` contains exact the text ``expected``.</doc>
<status status="PASS" start="2025-08-26T17:55:24.845504" elapsed="0.219366"/>
</kw>
<status status="PASS" start="2025-08-26T17:55:24.845504" elapsed="0.219366"/>
</kw>
<arg>dsahed</arg>
<arg>learning</arg>
<status status="PASS" start="2025-08-26T17:54:35.749672" elapsed="49.315198"/>
</kw>
<kw name="Close Browser" owner="SeleniumLibrary" type="TEARDOWN">
<doc>Closes the current browser.</doc>
<status status="PASS" start="2025-08-26T17:55:25.064870" elapsed="18.038088"/>
</kw>
<status status="PASS" start="2025-08-26T17:54:35.726656" elapsed="67.376302"/>
</test>
<test id="s1-s1-s1-t2" name="Invalid password" line="13">
<kw name="Validate Unsuccessful Login">
<kw name="Open the browser with the Mortgage payment url">
<kw name="Open Browser" owner="SeleniumLibrary">
<msg time="2025-08-26T17:55:43.102958" level="INFO">Opening browser 'firefox' to base url 'https://rahulshettyacademy.com/loginpagePractise/'.</msg>
<arg>${URL}</arg>
<doc>Opens a new browser instance to the optional ``url``.</doc>
<status status="PASS" start="2025-08-26T17:55:43.102958" elapsed="17.372011"/>
</kw>
<status status="PASS" start="2025-08-26T17:55:43.102958" elapsed="17.372011"/>
</kw>
<kw name="Fill the login form">
<kw name="Input Text" owner="SeleniumLibrary">
<msg time="2025-08-26T17:56:00.479142" level="INFO">Typing text 'rahulshetty' into text field 'id=username'.</msg>
<arg>id=username</arg>
<arg>${username}</arg>
<doc>Types the given ``text`` into the text field identified by ``locator``.</doc>
<status status="PASS" start="2025-08-26T17:56:00.479142" elapsed="0.216463"/>
</kw>
<kw name="Input Password" owner="SeleniumLibrary">
<msg time="2025-08-26T17:56:00.698593" level="INFO">Typing password into text field 'id=password'.</msg>
<msg time="2025-08-26T17:56:00.817904" level="INFO">Temporally setting log level to: NONE</msg>
<arg>id=password</arg>
<arg>${password}</arg>
<doc>Types the given password into the text field identified by ``locator``.</doc>
<status status="PASS" start="2025-08-26T17:56:00.698593" elapsed="0.167498"/>
</kw>
<kw name="Click Button" owner="SeleniumLibrary">
<msg time="2025-08-26T17:56:00.866091" level="INFO">Clicking button 'id=signInBtn'.</msg>
<arg>id=signInBtn</arg>
<doc>Clicks the button identified by ``locator``.</doc>
<status status="PASS" start="2025-08-26T17:56:00.866091" elapsed="0.172021"/>
</kw>
<arg>${username}</arg>
<arg>${password}</arg>
<status status="PASS" start="2025-08-26T17:56:00.474969" elapsed="0.563143"/>
</kw>
<kw name="Wait until it checks and display error message">
<kw name="Wait Until Element Is Visible" owner="SeleniumLibrary">
<arg>${Error_Message_Login}</arg>
<doc>Waits until the element ``locator`` is visible.</doc>
<status status="PASS" start="2025-08-26T17:56:01.042596" elapsed="2.001017"/>
</kw>
<status status="PASS" start="2025-08-26T17:56:01.038112" elapsed="2.005501"/>
</kw>
<kw name="Verify error message is correct">
<kw name="Element Text Should Be" owner="SeleniumLibrary">
<msg time="2025-08-26T17:56:03.043613" level="INFO">Verifying element 'css=.alert-danger' contains exact text 'Incorrect username/password.'.</msg>
<arg>${Error_Message_Login}</arg>
<arg>Incorrect username/password.</arg>
<doc>Verifies that element ``locator`` contains exact the text ``expected``.</doc>
<status status="PASS" start="2025-08-26T17:56:03.043613" elapsed="0.017716"/>
</kw>
<status status="PASS" start="2025-08-26T17:56:03.043613" elapsed="0.017716"/>
</kw>
<arg>rahulshetty</arg>
<arg>ploudfg</arg>
<status status="PASS" start="2025-08-26T17:55:43.102958" elapsed="19.958371"/>
</kw>
<kw name="Close Browser" owner="SeleniumLibrary" type="TEARDOWN">
<doc>Closes the current browser.</doc>
<status status="PASS" start="2025-08-26T17:56:03.065441" elapsed="30.031030"/>
</kw>
<status status="PASS" start="2025-08-26T17:55:43.102958" elapsed="49.993513"/>
</test>
<test id="s1-s1-s1-t3" name="Special characters" line="14">
<kw name="Validate Unsuccessful Login">
<kw name="Open the browser with the Mortgage payment url">
<kw name="Open Browser" owner="SeleniumLibrary">
<msg time="2025-08-26T17:56:33.096471" level="INFO">Opening browser 'firefox' to base url 'https://rahulshettyacademy.com/loginpagePractise/'.</msg>
<arg>${URL}</arg>
<doc>Opens a new browser instance to the optional ``url``.</doc>
<status status="PASS" start="2025-08-26T17:56:33.096471" elapsed="9.071605"/>
</kw>
<status status="PASS" start="2025-08-26T17:56:33.096471" elapsed="9.071605"/>
</kw>
<kw name="Fill the login form">
<kw name="Input Text" owner="SeleniumLibrary">
<msg time="2025-08-26T17:56:42.172179" level="INFO">Typing text 'rahulshetty@#' into text field 'id=username'.</msg>
<arg>id=username</arg>
<arg>${username}</arg>
<doc>Types the given ``text`` into the text field identified by ``locator``.</doc>
<status status="PASS" start="2025-08-26T17:56:42.168076" elapsed="0.241210"/>
</kw>
<kw name="Input Password" owner="SeleniumLibrary">
<msg time="2025-08-26T17:56:42.409286" level="INFO">Typing password into text field 'id=password'.</msg>
<msg time="2025-08-26T17:56:42.516898" level="INFO">Temporally setting log level to: NONE</msg>
<arg>id=password</arg>
<arg>${password}</arg>
<doc>Types the given password into the text field identified by ``locator``.</doc>
<status status="PASS" start="2025-08-26T17:56:42.409286" elapsed="0.146620"/>
</kw>
<kw name="Click Button" owner="SeleniumLibrary">
<msg time="2025-08-26T17:56:42.555906" level="INFO">Clicking button 'id=signInBtn'.</msg>
<arg>id=signInBtn</arg>
<doc>Clicks the button identified by ``locator``.</doc>
<status status="PASS" start="2025-08-26T17:56:42.555906" elapsed="0.118058"/>
</kw>
<arg>${username}</arg>
<arg>${password}</arg>
<status status="PASS" start="2025-08-26T17:56:42.168076" elapsed="0.505888"/>
</kw>
<kw name="Wait until it checks and display error message">
<kw name="Wait Until Element Is Visible" owner="SeleniumLibrary">
<arg>${Error_Message_Login}</arg>
<doc>Waits until the element ``locator`` is visible.</doc>
<status status="PASS" start="2025-08-26T17:56:42.677694" elapsed="1.963850"/>
</kw>
<status status="PASS" start="2025-08-26T17:56:42.677694" elapsed="1.963850"/>
</kw>
<kw name="Verify error message is correct">
<kw name="Element Text Should Be" owner="SeleniumLibrary">
<msg time="2025-08-26T17:56:44.662629" level="INFO">Verifying element 'css=.alert-danger' contains exact text 'Incorrect username/password.'.</msg>
<arg>${Error_Message_Login}</arg>
<arg>Incorrect username/password.</arg>
<doc>Verifies that element ``locator`` contains exact the text ``expected``.</doc>
<status status="PASS" start="2025-08-26T17:56:44.662629" elapsed="0.016338"/>
</kw>
<status status="PASS" start="2025-08-26T17:56:44.641544" elapsed="0.037423"/>
</kw>
<arg>rahulshetty@#</arg>
<arg>learn$ing</arg>
<status status="PASS" start="2025-08-26T17:56:33.096471" elapsed="11.582496"/>
</kw>
<kw name="Close Browser" owner="SeleniumLibrary" type="TEARDOWN">
<doc>Closes the current browser.</doc>
<status status="PASS" start="2025-08-26T17:56:44.678967" elapsed="5.114108"/>
</kw>
<status status="PASS" start="2025-08-26T17:56:33.096471" elapsed="16.696604"/>
</test>
<doc>To validate Login form</doc>
<status status="PASS" start="2025-08-26T17:54:34.848501" elapsed="134.944574"/>
</suite>
<status status="PASS" start="2025-08-26T17:54:34.842971" elapsed="134.950104"/>
</suite>
<status status="PASS" start="2025-08-26T17:54:34.787622" elapsed="135.005453"/>
</suite>
<statistics>
<total>
<stat pass="3" fail="0" skip="0">All Tests</stat>
</total>
<tag>
</tag>
<suite>
<stat name="Ecommerce-Robot" id="s1" pass="3" fail="0" skip="0">Ecommerce-Robot</stat>
<stat name="Tests" id="s1-s1" pass="3" fail="0" skip="0">Ecommerce-Robot.Tests</stat>
<stat name="Test4" id="s1-s1-s1" pass="3" fail="0" skip="0">Ecommerce-Robot.Tests.Test4</stat>
</suite>
</statistics>
<errors>
</errors>
</robot>
