<?xml version="1.0" encoding="UTF-8"?>
<robot generator="Robot 7.3.2 (Python 3.12.6 on win32)" generated="2025-08-26T17:54:34.730434" rpa="false" schemaversion="5">
<suite id="s1" name="Ecommerce-Robot" source="C:\Users\markg\OneDrive\Desktop\ecommerce-robot">
<suite id="s1-s1" name="Tests" source="C:\Users\markg\OneDrive\Desktop\ecommerce-robot\tests">
<suite id="s1-s1-s1" name="Test6" source="C:\Users\markg\OneDrive\Desktop\ecommerce-robot\tests\test6.robot">
<test id="s1-s1-s1-t1" name="Validate Cards display in the Shopping Page" line="18">
<kw name="Open the browser with the Mortgage payment url" owner="Generic" type="SETUP">
<kw name="Open Browser" owner="SeleniumLibrary">
<msg time="2025-08-26T17:54:35.837955" level="INFO">Opening browser 'firefox' to base url 'https://rahulshettyacademy.com/loginpagePractise/'.</msg>
<arg>${URL}</arg>
<doc>Opens a new browser instance to the optional ``url``.</doc>
<status status="PASS" start="2025-08-26T17:54:35.836959" elapsed="72.666902"/>
</kw>
<status status="PASS" start="2025-08-26T17:54:35.831949" elapsed="72.671912"/>
</kw>
<kw name="Fill the login form" owner="LandingPage">
<kw name="Input Text" owner="SeleniumLibrary">
<msg time="2025-08-26T17:55:48.505906" level="INFO">Typing text 'rahulshettyacademy' into text field 'id=username'.</msg>
<arg>id=username</arg>
<arg>${username}</arg>
<doc>Types the given ``text`` into the text field identified by ``locator``.</doc>
<status status="PASS" start="2025-08-26T17:55:48.505906" elapsed="1.739274"/>
</kw>
<kw name="Input Password" owner="SeleniumLibrary">
<msg time="2025-08-26T17:55:50.246195" level="INFO">Typing password into text field 'id=password'.</msg>
<msg time="2025-08-26T17:55:50.490608" level="INFO">Temporally setting log level to: NONE</msg>
<arg>id=password</arg>
<arg>${password}</arg>
<doc>Types the given password into the text field identified by ``locator``.</doc>
<status status="PASS" start="2025-08-26T17:55:50.246195" elapsed="0.367144"/>
</kw>
<kw name="Click Button" owner="SeleniumLibrary">
<msg time="2025-08-26T17:55:50.615361" level="INFO">Clicking button 'id=signInBtn'.</msg>
<arg>id=signInBtn</arg>
<doc>Clicks the button identified by ``locator``.</doc>
<status status="PASS" start="2025-08-26T17:55:50.613339" elapsed="0.444400"/>
</kw>
<arg>${User_Name}</arg>
<arg>${Valid_Password}</arg>
<status status="PASS" start="2025-08-26T17:55:48.503861" elapsed="2.553878"/>
</kw>
<kw name="Wait until element is located in the page" owner="ShopPage">
<kw name="Wait Until Element Is Visible" owner="SeleniumLibrary">
<msg time="2025-08-26T17:55:59.232056" level="INFO" html="true">&lt;/td&gt;&lt;/tr&gt;&lt;tr&gt;&lt;td colspan="3"&gt;&lt;a href="selenium-screenshot-1.png"&gt;&lt;img src="selenium-screenshot-1.png" width="800px"&gt;&lt;/a&gt;</msg>
<msg time="2025-08-26T17:55:59.232056" level="FAIL">Element 'css=.nav-link' not visible after 5 seconds.</msg>
<arg>${Shop_Page_Load}</arg>
<doc>Waits until the element ``locator`` is visible.</doc>
<status status="FAIL" start="2025-08-26T17:55:51.059764" elapsed="8.184872">Element 'css=.nav-link' not visible after 5 seconds.</status>
</kw>
<status status="FAIL" start="2025-08-26T17:55:51.057739" elapsed="8.188929">Element 'css=.nav-link' not visible after 5 seconds.</status>
</kw>
<kw name="Verify card titles in the shop page" owner="ShopPage">
<status status="NOT RUN" start="2025-08-26T17:55:59.248700" elapsed="0.002027"/>
</kw>
<kw name="Add Items To Cart And Checkout" owner="Shop">
<arg>${listofProducts}</arg>
<status status="NOT RUN" start="2025-08-26T17:55:59.258835" elapsed="0.002028"/>
</kw>
<kw name="Verify items in the Checkout Page and proceed" owner="CheckoutPage">
<status status="NOT RUN" start="2025-08-26T17:55:59.264472" elapsed="0.000000"/>
</kw>
<kw name="Enter the Country and select terms" owner="Confirmation Page">
<arg>${country_name}</arg>
<status status="NOT RUN" start="2025-08-26T17:55:59.264472" elapsed="0.002024"/>
</kw>
<kw name="Purchase the Product and Confirm the Purchase" owner="Confirmation Page">
<status status="NOT RUN" start="2025-08-26T17:55:59.266496" elapsed="0.002023"/>
</kw>
<kw name="Close Browser" owner="SeleniumLibrary" type="TEARDOWN">
<doc>Closes the current browser.</doc>
<status status="PASS" start="2025-08-26T17:55:59.270546" elapsed="33.921686"/>
</kw>
<status status="FAIL" start="2025-08-26T17:54:35.827944" elapsed="117.364288">Element 'css=.nav-link' not visible after 5 seconds.</status>
</test>
<doc>To validate Login form</doc>
<status status="FAIL" start="2025-08-26T17:54:34.879151" elapsed="118.313081"/>
</suite>
<status status="FAIL" start="2025-08-26T17:54:34.873634" elapsed="118.318598"/>
</suite>
<status status="FAIL" start="2025-08-26T17:54:34.824127" elapsed="118.368105"/>
</suite>
<statistics>
<total>
<stat pass="0" fail="1" skip="0">All Tests</stat>
</total>
<tag>
</tag>
<suite>
<stat name="Ecommerce-Robot" id="s1" pass="0" fail="1" skip="0">Ecommerce-Robot</stat>
<stat name="Tests" id="s1-s1" pass="0" fail="1" skip="0">Ecommerce-Robot.Tests</stat>
<stat name="Test6" id="s1-s1-s1" pass="0" fail="1" skip="0">Ecommerce-Robot.Tests.Test6</stat>
</suite>
</statistics>
<errors>
</errors>
</robot>
